
Showing logs for build [32mexplore-jenkinsx-go-qs1-master-xz4j6-2[0m stage [32mfrom-build-pack[0m and container [32mstep-credential-initializer-rmm5f[0m
{"level":"warn","ts":1573695552.9938393,"logger":"fallback-logger","caller":"logging/config.go:69","msg":"Fetch GitHub commit ID from kodata failed: \"ref: refs/heads/master\" is not a valid GitHub commit ID"}
{"level":"info","ts":1573695552.994337,"logger":"fallback-logger","caller":"creds-init/main.go:40","msg":"Credentials initialized."}

Showing logs for build [32mexplore-jenkinsx-go-qs1-master-xz4j6-2[0m stage [32mfrom-build-pack[0m and container [32mstep-working-dir-initializer-q86bw[0m
{"level":"warn","ts":1573695554.0273087,"logger":"fallback-logger","caller":"logging/config.go:69","msg":"Fetch GitHub commit ID from kodata failed: open /var/run/ko/HEAD: no such file or directory"}
{"level":"info","ts":1573695554.0286436,"logger":"fallback-logger","caller":"bash/main.go:65","msg":"Successfully executed command \"mkdir -p /workspace/source\""}

Showing logs for build [32mexplore-jenkinsx-go-qs1-master-xz4j6-2[0m stage [32mfrom-build-pack[0m and container [32mstep-place-tools[0m

Showing logs for build [32mexplore-jenkinsx-go-qs1-master-xz4j6-2[0m stage [32mfrom-build-pack[0m and container [32mstep-git-source-explore-jenkinsx-go-qs1-master-fszlc[0m
{"level":"warn","ts":1573695567.096098,"logger":"fallback-logger","caller":"logging/config.go:69","msg":"Fetch GitHub commit ID from kodata failed: \"ref: refs/heads/master\" is not a valid GitHub commit ID"}
{"level":"info","ts":1573695567.346324,"logger":"fallback-logger","caller":"git/git.go:102","msg":"Successfully cloned https://github.com/explore-jenkinsx/go-qs1.git @ v0.0.2 in path /workspace/source"}

Showing logs for build [32mexplore-jenkinsx-go-qs1-master-xz4j6-2[0m stage [32mfrom-build-pack[0m and container [32mstep-git-merge[0m
Using SHAs from PULL_REFS=master:98eda3cb2e39df4e8edb43e70b23580b11bf5aee
WARNING: no SHAs to merge, falling back to initial cloned commit

Showing logs for build [32mexplore-jenkinsx-go-qs1-master-xz4j6-2[0m stage [32mfrom-build-pack[0m and container [32mstep-setup-jx-git-credentials[0m
Generated Git credentials file /workspace/xdg_config/git/credentials

Showing logs for build [32mexplore-jenkinsx-go-qs1-master-xz4j6-2[0m stage [32mfrom-build-pack[0m and container [32mstep-build-make-build[0m
CGO_ENABLED=0 GO15VENDOREXPERIMENT=1 go build -ldflags '' -o bin/go-qs1 main.go

Showing logs for build [32mexplore-jenkinsx-go-qs1-master-xz4j6-2[0m stage [32mfrom-build-pack[0m and container [32mstep-build-container-build[0m
[36mINFO[0m[0000] No base image, nothing to extract            
[36mINFO[0m[0000] cmd: EXPOSE                                  
[36mINFO[0m[0000] Adding exposed port: 8080/tcp                
[36mINFO[0m[0000] Using files from context: [/workspace/source/bin] 
[36mINFO[0m[0000] Skipping unpacking as no commands require it. 
[36mINFO[0m[0000] Taking snapshot of full filesystem...        
[36mINFO[0m[0000] EXPOSE 8080                                  
[36mINFO[0m[0000] cmd: EXPOSE                                  
[36mINFO[0m[0000] Adding exposed port: 8080/tcp                
[36mINFO[0m[0000] No files changed in this command, skipping snapshotting. 
[36mINFO[0m[0000] ENTRYPOINT ["/go-qs1"]                       
[36mINFO[0m[0000] No files changed in this command, skipping snapshotting. 
[36mINFO[0m[0000] Using files from context: [/workspace/source/bin] 
[36mINFO[0m[0000] COPY ./bin/ /                                
[36mINFO[0m[0000] Taking snapshot of files...                  
2019/11/14 01:39:41 pushed blob: sha256:26973047595e47358f35cad247bf95e8f3fa2cb69a61c8cf3ce7c882c8629dd3
2019/11/14 01:39:46 pushed blob: sha256:ed21e7bfbba88b9f2c8bdd171095e5da6b46c36ec11eded114edba5e59bdaebf
2019/11/14 01:39:47 gcr.io/jx-example-258516/go-qs1:0.0.2: digest: sha256:1c0ef3730a1b3ba8c13d36733c6ddac5dbc76d46e6330732f158b8cb6be0d31b size: 428

Showing logs for build [32mexplore-jenkinsx-go-qs1-master-xz4j6-2[0m stage [32mfrom-build-pack[0m and container [32mstep-build-post-build[0m
no CVE provider running in the current *** namespace so skip adding image to be analysed

Showing logs for build [32mexplore-jenkinsx-go-qs1-master-xz4j6-2[0m stage [32mfrom-build-pack[0m and container [32mstep-promote-changelog[0m
Converted /workspace/source/charts/go-qs1 to an unshallow repository
Generating change log from git ref 4d7210b367ae875fe9192c8f71bbfcd2fa911369 => 7b292f9149d8ae9c7d0a5ed0983db672bb29f5d6
Associating user x-0 in users.jenkins.io with email Brent.Laster@sas.com to git GitProvider user with login -0 as emails match
Adding label jenkins.io/git-github-userid=-0 to user x-0 in users.jenkins.io
WARNING: Failed to enrich commit 98eda3cb2e39df4e8edb43e70b23580b11bf5aee with issues: User.jenkins.io "x-0" is invalid: metadata.labels: Invalid value: "-0": a valid label must be an empty string or consist of alphanumeric characters, '-', '_' or '.', and must start and end with an alphanumeric character (e.g. 'MyValue',  or 'my_value',  or '12345', regex used for validation is '(([A-Za-z0-9][-A-Za-z0-9_.]*)?[A-Za-z0-9])?')
Associating user x-0 in users.jenkins.io with email Brent.Laster@sas.com to git GitProvider user with login -0 as emails match
Adding label jenkins.io/git-github-userid=-0 to user x-0 in users.jenkins.io
WARNING: Failed to enrich commit 98eda3cb2e39df4e8edb43e70b23580b11bf5aee with issues: User.jenkins.io "x-0" is invalid: metadata.labels: Invalid value: "-0": a valid label must be an empty string or consist of alphanumeric characters, '-', '_' or '.', and must start and end with an alphanumeric character (e.g. 'MyValue',  or 'my_value',  or '12345', regex used for validation is '(([A-Za-z0-9][-A-Za-z0-9_.]*)?[A-Za-z0-9])?')
Finding issues in commit messages using git format
WARNING: No release found for explore-jenkinsx/go-qs1 and tag v0.0.2 so creating a new release
Updated the release information at https://github.com/explore-jenkinsx/go-qs1/releases/tag/v0.0.2
generated: /workspace/source/charts/go-qs1/templates/release.yaml
Created Release go-qs1-0-0-2 resource in namespace ***
Updating PipelineActivity explore-jenkinsx-go-qs1-master-2 with version 0.0.2
Updated PipelineActivities explore-jenkinsx-go-qs1-master-2 with release notes URL: https://github.com/explore-jenkinsx/go-qs1/releases/tag/v0.0.2

Showing logs for build [32mexplore-jenkinsx-go-qs1-master-xz4j6-2[0m stage [32mfrom-build-pack[0m and container [32mstep-promote-helm-release[0m
WARNING: No $CHART_REPOSITORY defined so using the default value of: http://jenkins-x-chartmuseum:8080
Adding missing Helm repo: storage.googleapis.com https://storage.googleapis.com/chartmuseum.jenkins-x.io
Successfully added Helm repository storage.googleapis.com.
Adding missing Helm repo: jenkins-x-chartmuseum http://jenkins-x-chartmuseum:8080
Successfully added Helm repository jenkins-x-chartmuseum.
WARNING: No $CHART_REPOSITORY defined so using the default value of: http://jenkins-x-chartmuseum:8080
Uploading chart file go-qs1-0.0.2.tgz to http://jenkins-x-chartmuseum:8080/api/charts
Received 201 response: {"saved":true}

Showing logs for build [32mexplore-jenkinsx-go-qs1-master-xz4j6-2[0m stage [32mfrom-build-pack[0m and container [32mstep-promote-jx-promote[0m
WARNING: prow based install so skip waiting for the merge of Pull Requests to go green as currently there is an issue with gettingstatuses from the PR, see https://github.com/jenkins-x/jx/issues/2410
WARNING: No $CHART_REPOSITORY defined so using the default value of: http://jenkins-x-chartmuseum:8080
Promoting app go-qs1 version 0.0.2 to namespace ***-staging
Created Pull Request: https://github.com/explore-jenkinsx/environment-jx-***-staging/pull/2
Added label updatebot to Pull Request https://github.com/explore-jenkinsx/environment-jx-***-staging/pull/2
got git provider status pending from PR https://github.com/explore-jenkinsx/environment-jx-***-staging/pull/2
got git provider status pending from PR https://github.com/explore-jenkinsx/environment-jx-***-staging/pull/2
got git provider status pending from PR https://github.com/explore-jenkinsx/environment-jx-***-staging/pull/2
got git provider status pending from PR https://github.com/explore-jenkinsx/environment-jx-***-staging/pull/2
Pull Request https://github.com/explore-jenkinsx/environment-jx-***-staging/pull/2 is merged at sha 383900ae60442ee50d9d18f1c36ac9c5fddd2117
Pull Request merged but we are not waiting for the update pipeline to complete!
