
Showing logs for build [32mexplore-jenkinsx-go-qs1-pr-2-se-4pgsc-2[0m stage [32mfrom-build-pack[0m and container [32mstep-credential-initializer-pswwz[0m
{"level":"warn","ts":1573699231.7295136,"logger":"fallback-logger","caller":"logging/config.go:69","msg":"Fetch GitHub commit ID from kodata failed: \"ref: refs/heads/master\" is not a valid GitHub commit ID"}
{"level":"info","ts":1573699231.7302847,"logger":"fallback-logger","caller":"creds-init/main.go:40","msg":"Credentials initialized."}

Showing logs for build [32mexplore-jenkinsx-go-qs1-pr-2-se-4pgsc-2[0m stage [32mfrom-build-pack[0m and container [32mstep-working-dir-initializer-hnrpw[0m
{"level":"warn","ts":1573699232.5480852,"logger":"fallback-logger","caller":"logging/config.go:69","msg":"Fetch GitHub commit ID from kodata failed: open /var/run/ko/HEAD: no such file or directory"}
{"level":"info","ts":1573699232.5512054,"logger":"fallback-logger","caller":"bash/main.go:65","msg":"Successfully executed command \"mkdir -p /workspace/source\""}

Showing logs for build [32mexplore-jenkinsx-go-qs1-pr-2-se-4pgsc-2[0m stage [32mfrom-build-pack[0m and container [32mstep-place-tools[0m

Showing logs for build [32mexplore-jenkinsx-go-qs1-pr-2-se-4pgsc-2[0m stage [32mfrom-build-pack[0m and container [32mstep-git-source-explore-jenkinsx-go-qs1-pr-2-se-gfgnl[0m
{"level":"warn","ts":1573699237.685131,"logger":"fallback-logger","caller":"logging/config.go:69","msg":"Fetch GitHub commit ID from kodata failed: \"ref: refs/heads/master\" is not a valid GitHub commit ID"}
{"level":"info","ts":1573699237.9200203,"logger":"fallback-logger","caller":"git/git.go:102","msg":"Successfully cloned https://github.com/explore-jenkinsx/go-qs1.git @ master in path /workspace/source"}

Showing logs for build [32mexplore-jenkinsx-go-qs1-pr-2-se-4pgsc-2[0m stage [32mfrom-build-pack[0m and container [32mstep-git-merge[0m
Using SHAs from PULL_REFS=master:98eda3cb2e39df4e8edb43e70b23580b11bf5aee,2:1c1c11845640c45c5bfc25e78ef1aa79512e0442
DEBUG: ran git fetch --unshallow origin 1c1c11845640c45c5bfc25e78ef1aa79512e0442: 98eda3cb2e39df4e8edb43e70b23580b11bf5aee: in 
DEBUG: ran git checkout master in 
DEBUG: ran git reset --hard 98eda3cb2e39df4e8edb43e70b23580b11bf5aee in 
DEBUG: ran clean --force -d . in 
DEBUG: ran git merge 1c1c11845640c45c5bfc25e78ef1aa79512e0442 in 
Merged SHA 01dc20da89e397202b2b3c94e20f1a88505d5654 with commit message 'Merge commit '1c1c11845640c45c5bfc25e78ef1aa79512e0442'' into base branch master
Merged SHA 1c1c11845640c45c5bfc25e78ef1aa79512e0442 with commit message 'simple demo update' into base branch master

Showing logs for build [32mexplore-jenkinsx-go-qs1-pr-2-se-4pgsc-2[0m stage [32mfrom-build-pack[0m and container [32mstep-build-make-linux[0m
CGO_ENABLED=0 GOOS=linux GOARCH=amd64 GO15VENDOREXPERIMENT=1 go build -ldflags '' -o bin/go-qs1 main.go

Showing logs for build [32mexplore-jenkinsx-go-qs1-pr-2-se-4pgsc-2[0m stage [32mfrom-build-pack[0m and container [32mstep-build-container-build[0m
[36mINFO[0m[0000] No base image, nothing to extract            
[36mINFO[0m[0000] cmd: EXPOSE                                  
[36mINFO[0m[0000] Adding exposed port: 8080/tcp                
[36mINFO[0m[0000] Using files from context: [/workspace/source/bin] 
[36mINFO[0m[0000] Skipping unpacking as no commands require it. 
[36mINFO[0m[0000] Taking snapshot of full filesystem...        
[36mINFO[0m[0000] EXPOSE 8080                                  
[36mINFO[0m[0000] cmd: EXPOSE                                  
[36mINFO[0m[0000] Adding exposed port: 8080/tcp                
[36mINFO[0m[0000] No files changed in this command, skipping snapshotting. 
[36mINFO[0m[0000] ENTRYPOINT ["/go-qs1"]                       
[36mINFO[0m[0000] No files changed in this command, skipping snapshotting. 
[36mINFO[0m[0000] Using files from context: [/workspace/source/bin] 
[36mINFO[0m[0000] COPY ./bin/ /                                
[36mINFO[0m[0000] Taking snapshot of files...                  
2019/11/14 02:40:52 pushed blob: sha256:7cd88844a030018d0750cc875be8de0a8e14401a9b149dbf9060faea03678664
2019/11/14 02:40:52 pushed blob: sha256:5f3d987c4ea42a5ae12f0f724d8204887fdf93643bf52e081ff65e9437a96632
2019/11/14 02:40:53 gcr.io/jx-example-258516/go-qs1:0.0.0-SNAPSHOT-PR-2-2: digest: sha256:10f461d05320528337ddb2b78fbae62efc92aa8d7ff4e5008d4a4a1bc5b71b07 size: 428

Showing logs for build [32mexplore-jenkinsx-go-qs1-pr-2-se-4pgsc-2[0m stage [32mfrom-build-pack[0m and container [32mstep-postbuild-post-build[0m
no CVE provider running in the current *** namespace so skip adding image to be analysed

Showing logs for build [32mexplore-jenkinsx-go-qs1-pr-2-se-4pgsc-2[0m stage [32mfrom-build-pack[0m and container [32mstep-promote-make-preview[0m
sed -i -e "s/version:.*/version: 0.0.0-SNAPSHOT-PR-2-2/" Chart.yaml
sed -i -e "s/version:.*/version: 0.0.0-SNAPSHOT-PR-2-2/" ../*/Chart.yaml
sed -i -e "s|repository:.*|repository: gcr.io\/jx-example-258516\/go-qs1|" values.yaml
sed -i -e "s/tag:.*/tag: 0.0.0-SNAPSHOT-PR-2-2/" values.yaml
echo "  version: 0.0.0-SNAPSHOT-PR-2-2" >> requirements.yaml
jx step helm build
WARNING: No $CHART_REPOSITORY defined so using the default value of: http://jenkins-x-chartmuseum:8080
Adding missing Helm repo: storage.googleapis.com https://storage.googleapis.com/chartmuseum.jenkins-x.io
Successfully added Helm repository storage.googleapis.com.
Adding missing Helm repo: jenkins-x-chartmuseum http://jenkins-x-chartmuseum:8080
Successfully added Helm repository jenkins-x-chartmuseum.
WARNING: No $CHART_REPOSITORY defined so using the default value of: http://jenkins-x-chartmuseum:8080
Adding missing Helm repo: chartmuseum.jenkins-x.io http://chartmuseum.jenkins-x.io
Successfully added Helm repository chartmuseum.jenkins-x.io.

Showing logs for build [32mexplore-jenkinsx-go-qs1-pr-2-se-4pgsc-2[0m stage [32mfrom-build-pack[0m and container [32mstep-promote-jx-preview[0m
Creating a preview
expose:
  Annotations:
    helm.sh/hook: post-install,post-upgrade
    helm.sh/hook-delete-policy: hook-succeeded
  config:
    domain: 35.185.53.106.nip.io
    exposer: Ingress
    http: "true"
preview:
  image:
    repository: gcr.io/jx-example-258516/go-qs1
    tag: 0.0.0-SNAPSHOT-PR-2-2
Cloning the Jenkins X versions repo https://github.com/jenkins-x/jenkins-x-versions.git with ref refs/heads/master to /builder/home/.jx/jenkins-x-versions


Updating PipelineActivities explore-jenkinsx-go-qs1-pr-2-2 which has status Running
Preview application is now available at: http://go-qs1.***-explore-jenkinsx-go-qs1-pr-2.35.185.53.106.nip.io
